[1/15] Building CXX object CMakeFiles/tensorflow_demo.dir/object_tracking/frame_pair.cc.o
[2/15] Building CXX object CMakeFiles/tensorflow_demo.dir/object_tracking/image_neon.cc.o
[3/15] Building CXX object CMakeFiles/tensorflow_demo.dir/object_tracking/keypoint_detector.cc.o
[4/15] Building CXX object CMakeFiles/tensorflow_demo.dir/object_tracking/logging.cc.o
[5/15] Building CXX object CMakeFiles/tensorflow_demo.dir/rgb2yuv.cc.o
[6/15] Building CXX object CMakeFiles/tensorflow_demo.dir/imageutils_jni.cc.o
[7/15] Building CXX object CMakeFiles/tensorflow_demo.dir/object_tracking/utils_neon.cc.o
[8/15] Building CXX object CMakeFiles/tensorflow_demo.dir/object_tracking/tracked_object.cc.o
[9/15] Building CXX object CMakeFiles/tensorflow_demo.dir/object_tracking/object_tracker.cc.o
[10/15] Building CXX object CMakeFiles/tensorflow_demo.dir/object_tracking/optical_flow.cc.o
[11/15] Building CXX object CMakeFiles/tensorflow_demo.dir/object_tracking/object_tracker_jni.cc.o
[12/15] Building CXX object CMakeFiles/tensorflow_demo.dir/object_tracking/time_log.cc.o
[13/15] Building CXX object CMakeFiles/tensorflow_demo.dir/object_tracking/object_detector.cc.o
[14/15] Building CXX object CMakeFiles/tensorflow_demo.dir/yuv2rgb.cc.o
[15/15] Linking CXX shared library D:\tensorflow-master\tensorflow\examples\android\gradleBuild\intermediates\cmake\debug\obj\armeabi-v7a\libtensorflow_demo.so
FAILED: cmd.exe /C "cd . && C:\Users\Appie\AppData\Local\Android\Sdk\ndk-bundle\toolchains\llvm\prebuilt\windows-x86_64\bin\clang++.exe  --target=armv7-none-linux-androideabi21 --gcc-toolchain=C:/Users/Appie/AppData/Local/Android/Sdk/ndk-bundle/toolchains/llvm/prebuilt/windows-x86_64 --sysroot=C:/Users/Appie/AppData/Local/Android/Sdk/ndk-bundle/toolchains/llvm/prebuilt/windows-x86_64/sysroot -fPIC -g -DANDROID -fdata-sections -ffunction-sections -funwind-tables -fstack-protector-strong -no-canonical-prefixes -fno-addrsig -march=armv7-a -mthumb -Wa,--noexecstack -Wformat -Werror=format-security   -mfloat-abi=softfp -mfpu=neon -DSTANDALONE_DEMO_LIB                     -std=c++11 -fno-exceptions -fno-rtti -O2 -Wno-narrowing                     -fPIE -O0 -fno-limit-debug-info  -Wl,--exclude-libs,libgcc.a -Wl,--exclude-libs,libatomic.a -Wl,--build-id -Wl,--warn-shared-textrel -Wl,--fatal-warnings -Wl,--exclude-libs,libunwind.a -Wl,--no-undefined -Qunused-arguments -Wl,-z,noexecstack                                -Wl,--allow-multiple-definition                               -Wl,--whole-archive -fPIE -v -shared -Wl,-soname,libtensorflow_demo.so -o D:\tensorflow-master\tensorflow\examples\android\gradleBuild\intermediates\cmake\debug\obj\armeabi-v7a\libtensorflow_demo.so CMakeFiles/tensorflow_demo.dir/imageutils_jni.cc.o CMakeFiles/tensorflow_demo.dir/object_tracking/frame_pair.cc.o CMakeFiles/tensorflow_demo.dir/object_tracking/image_neon.cc.o CMakeFiles/tensorflow_demo.dir/object_tracking/keypoint_detector.cc.o CMakeFiles/tensorflow_demo.dir/object_tracking/logging.cc.o CMakeFiles/tensorflow_demo.dir/object_tracking/object_detector.cc.o CMakeFiles/tensorflow_demo.dir/object_tracking/object_tracker.cc.o CMakeFiles/tensorflow_demo.dir/object_tracking/object_tracker_jni.cc.o CMakeFiles/tensorflow_demo.dir/object_tracking/optical_flow.cc.o CMakeFiles/tensorflow_demo.dir/object_tracking/time_log.cc.o CMakeFiles/tensorflow_demo.dir/object_tracking/tracked_object.cc.o CMakeFiles/tensorflow_demo.dir/object_tracking/utils_neon.cc.o CMakeFiles/tensorflow_demo.dir/rgb2yuv.cc.o CMakeFiles/tensorflow_demo.dir/yuv2rgb.cc.o  -landroid -llog -ljnigraphics -lm -latomic -lz -latomic -lm && cd ."
Android (5220042 based on r346389c) clang version 8.0.7 (https://android.googlesource.com/toolchain/clang b55f2d4ebfd35bf643d27dbca1bb228957008617) (https://android.googlesource.com/toolchain/llvm 3c393fe7a7e13b0fba4ac75a01aa683d7a5b11cd) (based on LLVM 8.0.7svn)
Target: armv7-none-linux-android21
Thread model: posix
InstalledDir: C:\Users\Appie\AppData\Local\Android\Sdk\ndk-bundle\toolchains\llvm\prebuilt\windows-x86_64\bin
Found candidate GCC installation: C:/Users/Appie/AppData/Local/Android/Sdk/ndk-bundle/toolchains/llvm/prebuilt/windows-x86_64/lib/gcc/arm-linux-androideabi\4.9.x
Selected GCC installation: C:/Users/Appie/AppData/Local/Android/Sdk/ndk-bundle/toolchains/llvm/prebuilt/windows-x86_64/lib/gcc/arm-linux-androideabi/4.9.x
Candidate multilib: thumb;@mthumb
Candidate multilib: armv7-a;@march=armv7-a
Candidate multilib: armv7-a/thumb;@march=armv7-a@mthumb
Candidate multilib: .;
Selected multilib: armv7-a/thumb;@march=armv7-a@mthumb
Found CUDA installation: C:\Program Files\NVIDIA GPU Computing Toolkit\CUDA\v10.0, version 10.0
 "C:/Users/Appie/AppData/Local/Android/Sdk/ndk-bundle/toolchains/llvm/prebuilt/windows-x86_64/lib/gcc/arm-linux-androideabi/4.9.x/../../../../arm-linux-androideabi/bin\\ld" --sysroot=C:/Users/Appie/AppData/Local/Android/Sdk/ndk-bundle/toolchains/llvm/prebuilt/windows-x86_64/sysroot -EL -z now -z relro -X --hash-style=both --enable-new-dtags --eh-frame-hdr -m armelf_linux_eabi -shared -o "D:\\tensorflow-master\\tensorflow\\examples\\android\\gradleBuild\\intermediates\\cmake\\debug\\obj\\armeabi-v7a\\libtensorflow_demo.so" "C:/Users/Appie/AppData/Local/Android/Sdk/ndk-bundle/toolchains/llvm/prebuilt/windows-x86_64/sysroot/usr/lib/arm-linux-androideabi/21\\crtbegin_so.o" "-LC:\\Users\\Appie\\AppData\\Local\\Android\\Sdk\\ndk-bundle\\toolchains\\llvm\\prebuilt\\windows-x86_64\\lib64\\clang\\8.0.7\\lib\\linux\\arm" -LC:/Users/Appie/AppData/Local/Android/Sdk/ndk-bundle/toolchains/llvm/prebuilt/windows-x86_64/lib/gcc/arm-linux-androideabi/4.9.x/armv7-a/thumb -LC:/Users/Appie/AppData/Local/Android/Sdk/ndk-bundle/toolchains/llvm/prebuilt/windows-x86_64/lib/gcc/arm-linux-androideabi/4.9.x/../../../../arm-linux-androideabi/lib/../lib/armv7-a/thumb -LC:/Users/Appie/AppData/Local/Android/Sdk/ndk-bundle/toolchains/llvm/prebuilt/windows-x86_64/sysroot/usr/lib/arm-linux-androideabi/21 -LC:/Users/Appie/AppData/Local/Android/Sdk/ndk-bundle/toolchains/llvm/prebuilt/windows-x86_64/sysroot/usr/lib/arm-linux-androideabi -LC:/Users/Appie/AppData/Local/Android/Sdk/ndk-bundle/toolchains/llvm/prebuilt/windows-x86_64/sysroot/usr/lib/../lib -LC:/Users/Appie/AppData/Local/Android/Sdk/ndk-bundle/toolchains/llvm/prebuilt/windows-x86_64/sysroot/usr/lib/arm-linux-androideabi/../../lib -LC:/Users/Appie/AppData/Local/Android/Sdk/ndk-bundle/toolchains/llvm/prebuilt/windows-x86_64/lib/gcc/arm-linux-androideabi/4.9.x/../../../../arm-linux-androideabi/lib/armv7-a/thumb -LC:/Users/Appie/AppData/Local/Android/Sdk/ndk-bundle/toolchains/llvm/prebuilt/windows-x86_64/sysroot/usr/lib --exclude-libs libgcc.a --exclude-libs libatomic.a --build-id --warn-shared-textrel --fatal-warnings --exclude-libs libunwind.a --no-undefined -z noexecstack --allow-multiple-definition --whole-archive -soname libtensorflow_demo.so CMakeFiles/tensorflow_demo.dir/imageutils_jni.cc.o CMakeFiles/tensorflow_demo.dir/object_tracking/frame_pair.cc.o CMakeFiles/tensorflow_demo.dir/object_tracking/image_neon.cc.o CMakeFiles/tensorflow_demo.dir/object_tracking/keypoint_detector.cc.o CMakeFiles/tensorflow_demo.dir/object_tracking/logging.cc.o CMakeFiles/tensorflow_demo.dir/object_tracking/object_detector.cc.o CMakeFiles/tensorflow_demo.dir/object_tracking/object_tracker.cc.o CMakeFiles/tensorflow_demo.dir/object_tracking/object_tracker_jni.cc.o CMakeFiles/tensorflow_demo.dir/object_tracking/optical_flow.cc.o CMakeFiles/tensorflow_demo.dir/object_tracking/time_log.cc.o CMakeFiles/tensorflow_demo.dir/object_tracking/tracked_object.cc.o CMakeFiles/tensorflow_demo.dir/object_tracking/utils_neon.cc.o CMakeFiles/tensorflow_demo.dir/rgb2yuv.cc.o CMakeFiles/tensorflow_demo.dir/yuv2rgb.cc.o -landroid -llog -ljnigraphics -lm -latomic -lz -latomic -lm -lc++ -lm -lgcc -ldl -lc -lgcc -ldl "C:/Users/Appie/AppData/Local/Android/Sdk/ndk-bundle/toolchains/llvm/prebuilt/windows-x86_64/sysroot/usr/lib/arm-linux-androideabi/21\\crtend_so.o"
C:/Users/Appie/AppData/Local/Android/Sdk/ndk-bundle/toolchains/llvm/prebuilt/windows-x86_64/lib/gcc/arm-linux-androideabi/4.9.x/../../../../arm-linux-androideabi/bin\ld: fatal error: D:\tensorflow-master\tensorflow\examples\android\gradleBuild\intermediates\cmake\debug\obj\armeabi-v7a\libtensorflow_demo.so: open: Permission denied
clang++: error: linker command failed with exit code 1 (use -v to see invocation)
ninja: build stopped: subcommand failed.
